<?xml version="1.0" encoding="UTF-8"?>
<!-- Generated by org.testng.reporters.JUnitReportReporter -->
<testsuite skipped="0" hostname="LAPTOP-RLAR81NJ" name="com.seleniumae.exercise.TC_001_Loading_Google_Page" tests="1" failures="0" timestamp="19 Apr 2019 04:21:45 GMT" time="0.085" errors="0">
  <testcase name="Verify_Google_Page_Loads_Successffully" time="0.085" classname="com.seleniumae.exercise.TC_001_Loading_Google_Page"/>
</testsuite> <!-- com.seleniumae.exercise.TC_001_Loading_Google_Page -->
